# JRE version: OpenJDK Runtime Environment (8.0_152-b01) (build 1.8.0_152-release-1024-b01)
# Java VM: OpenJDK 64-Bit Server VM (25.152-b01 mixed mode linux-amd64 compressed oops)
Heap:
 PSYoungGen      total 125952K, used 6269K [0x00000000e0000000, 0x00000000ea680000, 0x0000000100000000)
  eden space 114688K, 0% used [0x00000000e0000000,0x00000000e0000000,0x00000000e7000000)
  from space 11264K, 55% used [0x00000000e7000000,0x00000000e761f648,0x00000000e7b00000)
  to   space 10752K, 0% used [0x00000000e9c00000,0x00000000e9c00000,0x00000000ea680000)
 ParOldGen       total 87040K, used 30718K [0x00000000a0000000, 0x00000000a5500000, 0x00000000e0000000)
  object space 87040K, 35% used [0x00000000a0000000,0x00000000a1dff948,0x00000000a5500000)
 Metaspace       used 57059K, capacity 59006K, committed 59028K, reserved 1099776K
  class space    used 7759K, capacity 8192K, committed 8192K, reserved 1048576K
GC Heap History (10 events):
Event: 32.924 GC heap after
Heap after GC invocations=13 (full 2):
 PSYoungGen      total 77312K, used 6496K [0x00000000e0000000, 0x00000000e6d00000, 0x0000000100000000)
  eden space 67072K, 0% used [0x00000000e0000000,0x00000000e0000000,0x00000000e4180000)
  from space 10240K, 63% used [0x00000000e4180000,0x00000000e47d8228,0x00000000e4b80000)
  to   space 10240K, 0% used [0x00000000e6300000,0x00000000e6300000,0x00000000e6d00000)
 ParOldGen       total 87040K, used 14562K [0x00000000a0000000, 0x00000000a5500000, 0x00000000e0000000)
  object space 87040K, 16% used [0x00000000a0000000,0x00000000a0e38aa8,0x00000000a5500000)
 Metaspace       used 37905K, capacity 38626K, committed 39040K, reserved 1083392K
  class space    used 5190K, capacity 5433K, committed 5504K, reserved 1048576K
}
Event: 39.237 GC heap before
{Heap before GC invocations=14 (full 2):
 PSYoungGen      total 77312K, used 73568K [0x00000000e0000000, 0x00000000e6d00000, 0x0000000100000000)
  eden space 67072K, 100% used [0x00000000e0000000,0x00000000e4180000,0x00000000e4180000)
  from space 10240K, 63% used [0x00000000e4180000,0x00000000e47d8228,0x00000000e4b80000)
  to   space 10240K, 0% used [0x00000000e6300000,0x00000000e6300000,0x00000000e6d00000)
 ParOldGen       total 87040K, used 14562K [0x00000000a0000000, 0x00000000a5500000, 0x00000000e0000000)
  object space 87040K, 16% used [0x00000000a0000000,0x00000000a0e38aa8,0x00000000a5500000)
 Metaspace       used 41499K, capacity 42316K, committed 42624K, reserved 1085440K
  class space    used 5680K, capacity 5937K, committed 6016K, reserved 1048576K
Event: 39.250 GC heap after
Heap after GC invocations=14 (full 2):
 PSYoungGen      total 96256K, used 6131K [0x00000000e0000000, 0x00000000e6a00000, 0x0000000100000000)
  eden space 89088K, 0% used [0x00000000e0000000,0x00000000e0000000,0x00000000e5700000)
  from space 7168K, 85% used [0x00000000e6300000,0x00000000e68fcc78,0x00000000e6a00000)
  to   space 9728K, 0% used [0x00000000e5700000,0x00000000e5700000,0x00000000e6080000)
 ParOldGen       total 87040K, used 18963K [0x00000000a0000000, 0x00000000a5500000, 0x00000000e0000000)
  object space 87040K, 21% used [0x00000000a0000000,0x00000000a1284d90,0x00000000a5500000)
 Metaspace       used 41499K, capacity 42316K, committed 42624K, reserved 1085440K
  class space    used 5680K, capacity 5937K, committed 6016K, reserved 1048576K
}
Event: 42.102 GC heap before
{Heap before GC invocations=15 (full 2):
 PSYoungGen      total 96256K, used 95219K [0x00000000e0000000, 0x00000000e6a00000, 0x0000000100000000)
  eden space 89088K, 100% used [0x00000000e0000000,0x00000000e5700000,0x00000000e5700000)
  from space 7168K, 85% used [0x00000000e6300000,0x00000000e68fcc78,0x00000000e6a00000)
  to   space 9728K, 0% used [0x00000000e5700000,0x00000000e5700000,0x00000000e6080000)
 ParOldGen       total 87040K, used 18963K [0x00000000a0000000, 0x00000000a5500000, 0x00000000e0000000)
  object space 87040K, 21% used [0x00000000a0000000,0x00000000a1284d90,0x00000000a5500000)
 Metaspace       used 48395K, capacity 49620K, committed 49792K, reserved 1091584K
  class space    used 6580K, capacity 6915K, committed 7040K, reserved 1048576K
Event: 42.119 GC heap after
Heap after GC invocations=15 (full 2):
 PSYoungGen      total 98816K, used 6257K [0x00000000e0000000, 0x00000000e8580000, 0x0000000100000000)
  eden space 89088K, 0% used [0x00000000e0000000,0x00000000e0000000,0x00000000e5700000)
  from space 9728K, 64% used [0x00000000e5700000,0x00000000e5d1c410,0x00000000e6080000)
  to   space 9728K, 0% used [0x00000000e7c00000,0x00000000e7c00000,0x00000000e8580000)
 ParOldGen       total 87040K, used 22309K [0x00000000a0000000, 0x00000000a5500000, 0x00000000e0000000)
  object space 87040K, 25% used [0x00000000a0000000,0x00000000a15c9400,0x00000000a5500000)
 Metaspace       used 48395K, capacity 49620K, committed 49792K, reserved 1091584K
  class space    used 6580K, capacity 6915K, committed 7040K, reserved 1048576K
}
Event: 47.756 GC heap before
{Heap before GC invocations=16 (full 2):
 PSYoungGen      total 98816K, used 95345K [0x00000000e0000000, 0x00000000e8580000, 0x0000000100000000)
  eden space 89088K, 100% used [0x00000000e0000000,0x00000000e5700000,0x00000000e5700000)
  from space 9728K, 64% used [0x00000000e5700000,0x00000000e5d1c410,0x00000000e6080000)
  to   space 9728K, 0% used [0x00000000e7c00000,0x00000000e7c00000,0x00000000e8580000)
 ParOldGen       total 87040K, used 22309K [0x00000000a0000000, 0x00000000a5500000, 0x00000000e0000000)
  object space 87040K, 25% used [0x00000000a0000000,0x00000000a15c9400,0x00000000a5500000)
 Metaspace       used 53620K, capacity 55222K, committed 55424K, reserved 1097728K
  class space    used 7357K, capacity 7754K, committed 7808K, reserved 1048576K
Event: 47.772 GC heap after
Heap after GC invocations=16 (full 2):
 PSYoungGen      total 124416K, used 9712K [0x00000000e0000000, 0x00000000e8600000, 0x0000000100000000)
  eden space 114688K, 0% used [0x00000000e0000000,0x00000000e0000000,0x00000000e7000000)
  from space 9728K, 99% used [0x00000000e7c00000,0x00000000e857c100,0x00000000e8580000)
  to   space 11264K, 0% used [0x00000000e7000000,0x00000000e7000000,0x00000000e7b00000)
 ParOldGen       total 87040K, used 24489K [0x00000000a0000000, 0x00000000a5500000, 0x00000000e0000000)
  object space 87040K, 28% used [0x00000000a0000000,0x00000000a17ea640,0x00000000a5500000)
 Metaspace       used 53620K, capacity 55222K, committed 55424K, reserved 1097728K
  class space    used 7357K, capacity 7754K, committed 7808K, reserved 1048576K
}
Event: 51.845 GC heap before
{Heap before GC invocations=17 (full 2):
 PSYoungGen      total 124416K, used 88044K [0x00000000e0000000, 0x00000000e8600000, 0x0000000100000000)
  eden space 114688K, 68% used [0x00000000e0000000,0x00000000e4c7ef78,0x00000000e7000000)
  from space 9728K, 99% used [0x00000000e7c00000,0x00000000e857c100,0x00000000e8580000)
  to   space 11264K, 0% used [0x00000000e7000000,0x00000000e7000000,0x00000000e7b00000)
 ParOldGen       total 87040K, used 24489K [0x00000000a0000000, 0x00000000a5500000, 0x00000000e0000000)
  object space 87040K, 28% used [0x00000000a0000000,0x00000000a17ea640,0x00000000a5500000)
 Metaspace       used 57059K, capacity 59006K, committed 59028K, reserved 1099776K
  class space    used 7759K, capacity 8192K, committed 8192K, reserved 1048576K
Event: 51.880 GC heap after
Heap after GC invocations=17 (full 2):
 PSYoungGen      total 125952K, used 6269K [0x00000000e0000000, 0x00000000ea680000, 0x0000000100000000)
  eden space 114688K, 0% used [0x00000000e0000000,0x00000000e0000000,0x00000000e7000000)
  from space 11264K, 55% used [0x00000000e7000000,0x00000000e761f648,0x00000000e7b00000)
  to   space 10752K, 0% used [0x00000000e9c00000,0x00000000e9c00000,0x00000000ea680000)
 ParOldGen       total 87040K, used 30718K [0x00000000a0000000, 0x00000000a5500000, 0x00000000e0000000)
  object space 87040K, 35% used [0x00000000a0000000,0x00000000a1dff948,0x00000000a5500000)
 Metaspace       used 57059K, capacity 59006K, committed 59028K, reserved 1099776K
  class space    used 7759K, capacity 8192K, committed 8192K, reserved 1048576K
}
Event: 51.880 GC heap before
{Heap before GC invocations=18 (full 3):
 PSYoungGen      total 125952K, used 6269K [0x00000000e0000000, 0x00000000ea680000, 0x0000000100000000)
  eden space 114688K, 0% used [0x00000000e0000000,0x00000000e0000000,0x00000000e7000000)
  from space 11264K, 55% used [0x00000000e7000000,0x00000000e761f648,0x00000000e7b00000)
  to   space 10752K, 0% used [0x00000000e9c00000,0x00000000e9c00000,0x00000000ea680000)
 ParOldGen       total 87040K, used 30718K [0x00000000a0000000, 0x00000000a5500000, 0x00000000e0000000)
  object space 87040K, 35% used [0x00000000a0000000,0x00000000a1dff948,0x00000000a5500000)
 Metaspace       used 57059K, capacity 59006K, committed 59028K, reserved 1099776K
  class space    used 7759K, capacity 8192K, committed 8192K, reserved 1048576K

